 ATOM      ATOMIC                      COORDINATES (BOHR)
           CHARGE         X                   Y                   Z
 OXYGEN      8.0     0.0000000000        0.0000000000        0.0000000000
 HYDROGEN    1.0     1.8119290510        0.0000000000        0.0000000000
 HYDROGEN    1.0    -0.4488438786        1.7554560827        0.0000000000
       FREQUENCY:        17.09       16.24       12.26        2.23        2.76  
        SYMMETRY:         A           A           A           A           A   
    REDUCED MASS:      1.00802     1.05475     1.24070     5.94130     5.79105

  1   OXYGEN       X -0.00004348  0.04686960 -0.00002751 -0.10537732  0.20915110
                   Y  0.00002233 -0.02777775  0.00000661  0.21047872  0.10662005
                   Z -0.00357402 -0.00005767 -0.11191068 -0.00006881  0.00002612
  2   HYDROGEN     X -0.00004348  0.04687013 -0.00002751 -0.10537812  0.20915064
                   Y -0.00065622  0.69143458 -0.00035458  0.21444371  0.08169116
                   Z -0.69376245 -0.00032803  0.64356388 -0.00009060  0.00005639
  3   HYDROGEN     X  0.00061395 -0.64995013  0.00032243 -0.10921517  0.23329888
                   Y  0.00019042 -0.20593882  0.00009608  0.20949727  0.11279373
                   Z  0.71465083  0.00098700  0.61587021 -0.00007104  0.00006314
--
       FREQUENCY:         4.31     1641.35     3838.94     3942.89  
        SYMMETRY:         A           A           A           A   
    REDUCED MASS:      4.01686     1.08288     1.04497     1.08170

  1   OXYGEN       X -0.00005924 -0.04170758 -0.02986157 -0.05332282
                   Y  0.00004882 -0.05371548 -0.03847384  0.04139529
                   Z  0.22356902  0.00000000  0.00000000 -0.00000000
  2   HYDROGEN     X -0.00005924  0.00706154  0.68922990  0.67830869
                   Y  0.00004683  0.67777699 -0.04595891 -0.00000832
                   Z  0.31105438  0.00000000 -0.00000000 -0.00000000
  3   HYDROGEN     X -0.00005731  0.65488613 -0.21530568  0.16796246
                   Y  0.00004931  0.17472347  0.65657032 -0.65696309
                   Z  0.31970744 -0.00000000  0.00000000 -0.00000000
          CARTESIAN FORCE CONSTANT MATRIX
          -------------------------------

                                   1                          2
                               OXYGEN                     HYDROGEN  
                          X        Y        Z        X        Y        Z
  1   OXYGEN       X 0.600570-0.109867-0.000000-0.528547-0.034121 0.000000
                   Y-0.109867 0.544383-0.000000 0.027271-0.043937 0.000000
                   Z-0.000000-0.000000-0.000009-0.000000 0.000000 0.000007
  2   HYDROGEN     X-0.528547 0.027271-0.000000 0.544049-0.017452-0.000000
                   Y-0.034121-0.043937 0.000000-0.017452 0.048762-0.000000
                   Z 0.000000 0.000000 0.000007-0.000000-0.000000-0.000008
  3   HYDROGEN     X-0.072021 0.082598-0.000000-0.015502 0.051573 0.000000
                   Y 0.143988-0.500447 0.000000-0.009817-0.004826 0.000000
                   Z 0.000000-0.000000 0.000008 0.000000-0.000000 0.000003

                                   3
                               HYDROGEN  
                          X        Y        Z
  3   HYDROGEN     X 0.087526-0.134171-0.000000
                   Y-0.134171 0.505274 0.000000
                   Z-0.000000 0.000000-0.000008


